# JRE version: Java(TM) SE Runtime Environment (20.0.2+9) (build 20.0.2+9-78)
# Java VM: Java HotSpot(TM) 64-Bit Server VM (20.0.2+9-78, mixed mode, sharing, tiered, compressed oops, compressed class ptrs, g1 gc, windows-amd64)
GC Precious Log:
 CardTable entry size: 512
 Card Set container configuration: InlinePtr #cards 4 size 8 Array Of Cards #cards 16 size 48 Howl #buckets 8 coarsen threshold 3686 Howl Bitmap #cards 512 size 80 coarsen threshold 460 Card regions per heap region 1 cards per card region 4096
 CPUs: 12 total, 12 available
 Memory: 16159M
 Large Page Support: Disabled
 NUMA Support: Disabled
 Compressed Oops: Enabled (Zero based)
 Heap Region Size: 2M
 Heap Min Capacity: 8M
 Heap Initial Capacity: 254M
 Heap Max Capacity: 4040M
 Pre-touch: Disabled
 Parallel Workers: 10
 Concurrent Workers: 3
 Concurrent Refinement Workers: 10
 Periodic GC: Disabled
Heap:
 garbage-first heap   total 137216K, used 61757K [0x0000000703800000, 0x0000000800000000)
  region size 2048K, 11 young (22528K), 2 survivors (4096K)
 Metaspace       used 40521K, committed 41024K, reserved 1114112K
  class space    used 4521K, committed 4736K, reserved 1048576K
GC Heap History (16 events):
Event: 1.227 GC heap before
{Heap before GC invocations=0 (full 0):
 garbage-first heap   total 260096K, used 22528K [0x0000000703800000, 0x0000000800000000)
  region size 2048K, 11 young (22528K), 0 survivors (0K)
 Metaspace       used 5541K, committed 5760K, reserved 1114112K
  class space    used 647K, committed 768K, reserved 1048576K
}
Event: 1.231 GC heap after
{Heap after GC invocations=1 (full 0):
 garbage-first heap   total 260096K, used 3877K [0x0000000703800000, 0x0000000800000000)
  region size 2048K, 2 young (4096K), 2 survivors (4096K)
 Metaspace       used 5541K, committed 5760K, reserved 1114112K
  class space    used 647K, committed 768K, reserved 1048576K
}
Event: 1.712 GC heap before
{Heap before GC invocations=1 (full 0):
 garbage-first heap   total 260096K, used 34597K [0x0000000703800000, 0x0000000800000000)
  region size 2048K, 18 young (36864K), 2 survivors (4096K)
 Metaspace       used 10012K, committed 10176K, reserved 1114112K
  class space    used 1188K, committed 1280K, reserved 1048576K
}
Event: 1.716 GC heap after
{Heap after GC invocations=2 (full 0):
 garbage-first heap   total 260096K, used 5485K [0x0000000703800000, 0x0000000800000000)
  region size 2048K, 1 young (2048K), 1 survivors (2048K)
 Metaspace       used 10012K, committed 10176K, reserved 1114112K
  class space    used 1188K, committed 1280K, reserved 1048576K
}
Event: 5.303 GC heap before
{Heap before GC invocations=2 (full 0):
 garbage-first heap   total 260096K, used 154989K [0x0000000703800000, 0x0000000800000000)
  region size 2048K, 74 young (151552K), 1 survivors (2048K)
 Metaspace       used 21197K, committed 21504K, reserved 1114112K
  class space    used 2439K, committed 2560K, reserved 1048576K
}
Event: 5.314 GC heap after
{Heap after GC invocations=3 (full 0):
 garbage-first heap   total 260096K, used 24329K [0x0000000703800000, 0x0000000800000000)
  region size 2048K, 9 young (18432K), 9 survivors (18432K)
 Metaspace       used 21197K, committed 21504K, reserved 1114112K
  class space    used 2439K, committed 2560K, reserved 1048576K
}
Event: 6.769 GC heap before
{Heap before GC invocations=4 (full 0):
 garbage-first heap   total 102400K, used 100105K [0x0000000703800000, 0x0000000800000000)
  region size 2048K, 46 young (94208K), 9 survivors (18432K)
 Metaspace       used 28248K, committed 28608K, reserved 1114112K
  class space    used 3169K, committed 3328K, reserved 1048576K
}
Event: 6.786 GC heap after
{Heap after GC invocations=5 (full 0):
 garbage-first heap   total 137216K, used 38969K [0x0000000703800000, 0x0000000800000000)
  region size 2048K, 9 young (18432K), 9 survivors (18432K)
 Metaspace       used 28248K, committed 28608K, reserved 1114112K
  class space    used 3169K, committed 3328K, reserved 1048576K
}
Event: 7.340 GC heap before
{Heap before GC invocations=5 (full 0):
 garbage-first heap   total 137216K, used 102457K [0x0000000703800000, 0x0000000800000000)
  region size 2048K, 40 young (81920K), 9 survivors (18432K)
 Metaspace       used 29673K, committed 30208K, reserved 1114112K
  class space    used 3306K, committed 3520K, reserved 1048576K
}
Event: 7.362 GC heap after
{Heap after GC invocations=6 (full 0):
 garbage-first heap   total 137216K, used 38425K [0x0000000703800000, 0x0000000800000000)
  region size 2048K, 1 young (2048K), 1 survivors (2048K)
 Metaspace       used 29673K, committed 30208K, reserved 1114112K
  class space    used 3306K, committed 3520K, reserved 1048576K
}
Event: 8.984 GC heap before
{Heap before GC invocations=6 (full 0):
 garbage-first heap   total 137216K, used 112153K [0x0000000703800000, 0x0000000800000000)
  region size 2048K, 36 young (73728K), 1 survivors (2048K)
 Metaspace       used 31607K, committed 32128K, reserved 1114112K
  class space    used 3538K, committed 3776K, reserved 1048576K
}
Event: 8.993 GC heap after
{Heap after GC invocations=7 (full 0):
 garbage-first heap   total 137216K, used 48110K [0x0000000703800000, 0x0000000800000000)
  region size 2048K, 5 young (10240K), 5 survivors (10240K)
 Metaspace       used 31607K, committed 32128K, reserved 1114112K
  class space    used 3538K, committed 3776K, reserved 1048576K
}
Event: 9.907 GC heap before
{Heap before GC invocations=7 (full 0):
 garbage-first heap   total 137216K, used 111598K [0x0000000703800000, 0x0000000800000000)
  region size 2048K, 36 young (73728K), 5 survivors (10240K)
 Metaspace       used 33044K, committed 33536K, reserved 1114112K
  class space    used 3703K, committed 3904K, reserved 1048576K
}
Event: 9.912 GC heap after
{Heap after GC invocations=8 (full 0):
 garbage-first heap   total 137216K, used 48211K [0x0000000703800000, 0x0000000800000000)
  region size 2048K, 3 young (6144K), 3 survivors (6144K)
 Metaspace       used 33044K, committed 33536K, reserved 1114112K
  class space    used 3703K, committed 3904K, reserved 1048576K
}
Event: 10.561 GC heap before
{Heap before GC invocations=8 (full 0):
 garbage-first heap   total 137216K, used 83027K [0x0000000703800000, 0x0000000800000000)
  region size 2048K, 21 young (43008K), 3 survivors (6144K)
 Metaspace       used 35565K, committed 36096K, reserved 1114112K
  class space    used 3930K, committed 4160K, reserved 1048576K
}
Event: 10.563 GC heap after
{Heap after GC invocations=9 (full 0):
 garbage-first heap   total 137216K, used 45373K [0x0000000703800000, 0x0000000800000000)
  region size 2048K, 2 young (4096K), 2 survivors (4096K)
 Metaspace       used 35565K, committed 36096K, reserved 1114112K
  class space    used 3930K, committed 4160K, reserved 1048576K
}

